[35m[Appium][39m Welcome to Appium v1.21.0
[35m[Appium][39m Non-default server args:
[35m[Appium][39m   port: 49919
[35m[Appium][39m   loglevel: info
[35m[Appium][39m   tmpDir: /var/folders/vh/70pmd2gd3wscgvwp3y3mpm3r0000gn/T//Katalon/Appium/Temp1708146886136
[35m[Appium][39m   chromedriverPort: 49920
[35m[Appium][39m Deprecated server args:
[35m[Appium][39m   [31m--chromedriver-port[39m => --default-capabilities
[35m[Appium][39m Default capabilities, which will be added to each request unless overridden by desired capabilities:
[35m[Appium][39m   chromedriverPort: 49920
[35m[Appium][39m Appium REST http interface listener started on 0.0.0.0:49919
[35m[HTTP][39m [37m-->[39m [37mGET[39m [37m/wd/hub/status[39m
[35m[HTTP][39m [90m{}[39m
[35m[HTTP][39m [37m<-- GET /wd/hub/status [39m[32m200[39m [90m5 ms - 68[39m
[35m[HTTP][39m [90m[39m
[35m[HTTP][39m [37m-->[39m [37mGET[39m [37m/wd/hub/status[39m
[35m[HTTP][39m [90m{}[39m
[35m[HTTP][39m [37m<-- GET /wd/hub/status [39m[32m200[39m [90m1 ms - 68[39m
[35m[HTTP][39m [90m[39m
[35m[HTTP][39m [37m-->[39m [37mPOST[39m [37m/wd/hub/session[39m
[35m[HTTP][39m [90m{"desiredCapabilities":{"app":"/Users/naufalpry/Downloads/astro-release.apk","noReset":true,"deviceId":"emulator-5554","deviceName":"emulator-5554 (sdk_gphone64_arm64 - Android 14)","fullReset":false,"platform":"ANDROID","newCommandTimeout":1800,"platformVersion":"14","automationName":"uiautomator2","autoGrantPermissions":true,"platformName":"Android","udid":"emulator-5554","systemPort":49928},"capabilities":{"firstMatch":[{"appium:app":"/Users/naufalpry/Downloads/astro-release.apk","appium:autoGrantPermissions":true,"appium:automationName":"uiautomator2","deviceId":"emulator-5554","appium:deviceName":"emulator-5554 (sdk_gphone64_arm64 - Android 14)","appium:fullReset":false,"appium:newCommandTimeout":1800,"appium:noReset":true,"platform":"ANDROID","platformName":"android","appium:platformVersion":"14","appium:systemPort":49928,"appium:udid":"emulator-5554"}]}}[39m
[35m[BaseDriver][39m The following capabilities are not standard capabilities and should have an extension prefix:
[35m[BaseDriver][39m   deviceId
[35m[BaseDriver][39m   platform
[35m[BaseDriver][39m   chromedriverPort
[35m[Appium][39m Appium v1.21.0 creating new AndroidUiautomator2Driver (v1.65.0) session
[35m[BaseDriver][39m The following capabilities were provided, but are not recognized by Appium:
[35m[BaseDriver][39m   deviceId
[35m[BaseDriver][39m   platform
[35m[BaseDriver][39m Session created with session id: 76bd9fa8-e46b-4564-b44d-b4c8e932be75
[35m[BaseDriver][39m Using local app '/Users/naufalpry/Downloads/astro-release.apk'
[35m[ADB][39m Found 1 'build-tools' folders under '/Users/naufalpry/.katalon/tools/android_sdk' (newest first):
[35m[ADB][39m     /Users/naufalpry/.katalon/tools/android_sdk/build-tools/29.0.3
[35m[ADB][39m Using 'adb' from '/Users/naufalpry/.katalon/tools/android_sdk/platform-tools/adb'
[35m[AndroidDriver][39m Retrieving device list
[35m[AndroidDriver][39m Using device: emulator-5554
[35m[ADB][39m Using 'adb' from '/Users/naufalpry/.katalon/tools/android_sdk/platform-tools/adb'
[35m[ADB][39m Getting device platform version
[35m[UiAutomator2][39m Relaxing hidden api policy
[35m[ADB][39m Package name: 'com.astro.shop'
[35m[ADB][39m Main activity name: 'com.astro.shop.view.activity.SplashActivity'
[35m[ADB][39m Using 'apksigner.jar' from '/Users/naufalpry/.katalon/tools/android_sdk/build-tools/29.0.3/lib/apksigner.jar'
[35m[ADB][39m '/opt/homebrew/lib/node_modules/appium/node_modules/appium-uiautomator2-server/apks/appium-uiautomator2-server-v4.21.1.apk' is signed with the default certificate
[35m[ADB][39m '/opt/homebrew/lib/node_modules/appium/node_modules/appium-uiautomator2-server/apks/appium-uiautomator2-server-debug-androidTest.apk' is signed with the default certificate
[35m[UiAutomator2][39m Server packages are not going to be (re)installed
[35m[ADB][39m Adding packages ["io.appium.settings","io.appium.uiautomator2.server","io.appium.uiautomator2.server.test"] to Doze whitelist
[35m[ADB][39m '/Users/naufalpry/Downloads/astro-release.apk' is signed with a non-default certificate
[35m[ADB][39m The application at '/Users/naufalpry/Downloads/astro-release.apk' will not be cached, because the device under test has confirmed the support of streamed installs
[35m[ADB][39m The installation of 'astro-release.apk' took 1672ms
[35m[UiAutomator2][39m Starting UIAutomator2 server 4.21.1
[35m[UiAutomator2][39m Using UIAutomator2 server from '/opt/homebrew/lib/node_modules/appium/node_modules/appium-uiautomator2-server/apks/appium-uiautomator2-server-v4.21.1.apk' and test from '/opt/homebrew/lib/node_modules/appium/node_modules/appium-uiautomator2-server/apks/appium-uiautomator2-server-debug-androidTest.apk'
[35m[UiAutomator2][39m Waiting up to 30000ms for UiAutomator2 to be online...
[35m[WD Proxy][39m socket hang up
[35m[WD Proxy][39m socket hang up
[35m[WD Proxy][39m socket hang up
[35m[WD Proxy][39m Determined the downstream protocol as 'W3C'
[35m[AndroidDriver][39m Screen already unlocked, doing nothing
[35m[UiAutomator2][39m Starting 'com.astro.shop/com.astro.shop.view.activity.SplashActivity and waiting for 'com.astro.shop/com.astro.shop.view.activity.SplashActivity'
[35m[Appium][39m New AndroidUiautomator2Driver session created successfully, session 76bd9fa8-e46b-4564-b44d-b4c8e932be75 added to master session list
[35m[HTTP][39m [37m<-- POST /wd/hub/session [39m[32m200[39m [90m12736 ms - 1326[39m
[35m[HTTP][39m [90m[39m
[35m[HTTP][39m [37m-->[39m [37mGET[39m [37m/wd/hub/session/76bd9fa8-e46b-4564-b44d-b4c8e932be75[39m
[35m[HTTP][39m [90m{}[39m
[35m[HTTP][39m [37m<-- GET /wd/hub/session/76bd9fa8-e46b-4564-b44d-b4c8e932be75 [39m[32m200[39m [90m19 ms - 1280[39m
[35m[HTTP][39m [90m[39m
[35m[HTTP][39m [37m-->[39m [37mGET[39m [37m/wd/hub/session/76bd9fa8-e46b-4564-b44d-b4c8e932be75[39m
[35m[HTTP][39m [90m{}[39m
[35m[HTTP][39m [37m<-- GET /wd/hub/session/76bd9fa8-e46b-4564-b44d-b4c8e932be75 [39m[32m200[39m [90m4 ms - 1280[39m
[35m[HTTP][39m [90m[39m
[35m[HTTP][39m [37m-->[39m [37mGET[39m [37m/wd/hub/status[39m
[35m[HTTP][39m [90m{}[39m
[35m[HTTP][39m [37m<-- GET /wd/hub/status [39m[32m200[39m [90m0 ms - 68[39m
[35m[HTTP][39m [90m[39m
[35m[HTTP][39m [37m-->[39m [37mPOST[39m [37m/wd/hub/session/76bd9fa8-e46b-4564-b44d-b4c8e932be75/timeouts[39m
[35m[HTTP][39m [90m{"implicit":60000}[39m
[35m[HTTP][39m [37m<-- POST /wd/hub/session/76bd9fa8-e46b-4564-b44d-b4c8e932be75/timeouts [39m[32m200[39m [90m1 ms - 14[39m
[35m[HTTP][39m [90m[39m
[35m[HTTP][39m [37m-->[39m [37mGET[39m [37m/wd/hub/session/76bd9fa8-e46b-4564-b44d-b4c8e932be75/source[39m
[35m[HTTP][39m [90m{}[39m
[35m[W3C (76bd9fa8)][39m Driver proxy active, passing request on via HTTP proxy
[35m[WD Proxy][39m Replacing sessionId 0a57d7e9-d085-4689-9241-95ecbde705c3 with 76bd9fa8-e46b-4564-b44d-b4c8e932be75
[35m[HTTP][39m [37m<-- GET /wd/hub/session/76bd9fa8-e46b-4564-b44d-b4c8e932be75/source [39m[32m200[39m [90m1753 ms - 5426[39m
[35m[HTTP][39m [90m[39m
[35m[HTTP][39m [37m-->[39m [37mGET[39m [37m/wd/hub/session/76bd9fa8-e46b-4564-b44d-b4c8e932be75/screenshot[39m
[35m[HTTP][39m [90m{}[39m
[35m[HTTP][39m [37m<-- GET /wd/hub/session/76bd9fa8-e46b-4564-b44d-b4c8e932be75/screenshot [39m[32m200[39m [90m697 ms - 1695602[39m
[35m[HTTP][39m [90m[39m
[35m[HTTP][39m [37m-->[39m [37mPOST[39m [37m/wd/hub/session/76bd9fa8-e46b-4564-b44d-b4c8e932be75/elements[39m
[35m[HTTP][39m [90m{"using":"xpath","value":"//*[@class = 'android.widget.TextView' and (@text = 'Mulai pakai Astro' or . = 'Mulai pakai Astro')]"}[39m
[35m[HTTP][39m [37m<-- POST /wd/hub/session/76bd9fa8-e46b-4564-b44d-b4c8e932be75/elements [39m[32m200[39m [90m129 ms - 139[39m
[35m[HTTP][39m [90m[39m
[35m[HTTP][39m [37m-->[39m [37mGET[39m [37m/wd/hub/session/76bd9fa8-e46b-4564-b44d-b4c8e932be75/window/rect[39m
[35m[HTTP][39m [90m{}[39m
[35m[HTTP][39m [37m<-- GET /wd/hub/session/76bd9fa8-e46b-4564-b44d-b4c8e932be75/window/rect [39m[32m200[39m [90m8 ms - 50[39m
[35m[HTTP][39m [90m[39m
[35m[HTTP][39m [37m-->[39m [37mPOST[39m [37m/wd/hub/session/76bd9fa8-e46b-4564-b44d-b4c8e932be75/elements[39m
[35m[HTTP][39m [90m{"using":"xpath","value":"//*[@class = 'android.widget.TextView' and (@text = 'Mulai pakai Astro' or . = 'Mulai pakai Astro')]"}[39m
[35m[HTTP][39m [37m<-- POST /wd/hub/session/76bd9fa8-e46b-4564-b44d-b4c8e932be75/elements [39m[32m200[39m [90m127 ms - 139[39m
[35m[HTTP][39m [90m[39m
[35m[HTTP][39m [37m-->[39m [37mGET[39m [37m/wd/hub/session/76bd9fa8-e46b-4564-b44d-b4c8e932be75/element/45081fe6-a4f2-4441-acc1-9c28cbfadd15/location[39m
[35m[HTTP][39m [90m{}[39m
[35m[W3C (76bd9fa8)][39m Driver proxy active, passing request on via HTTP proxy
[35m[WD Proxy][39m Replacing sessionId 0a57d7e9-d085-4689-9241-95ecbde705c3 with 76bd9fa8-e46b-4564-b44d-b4c8e932be75
[35m[HTTP][39m [37m<-- GET /wd/hub/session/76bd9fa8-e46b-4564-b44d-b4c8e932be75/element/45081fe6-a4f2-4441-acc1-9c28cbfadd15/location [39m[32m200[39m [90m41 ms - 79[39m
[35m[HTTP][39m [90m[39m
[35m[HTTP][39m [37m-->[39m [37mPOST[39m [37m/wd/hub/session/76bd9fa8-e46b-4564-b44d-b4c8e932be75/element/45081fe6-a4f2-4441-acc1-9c28cbfadd15/click[39m
[35m[HTTP][39m [90m{"id":"45081fe6-a4f2-4441-acc1-9c28cbfadd15"}[39m
[35m[HTTP][39m [37m<-- POST /wd/hub/session/76bd9fa8-e46b-4564-b44d-b4c8e932be75/element/45081fe6-a4f2-4441-acc1-9c28cbfadd15/click [39m[32m200[39m [90m1503 ms - 14[39m
[35m[HTTP][39m [90m[39m
[35m[HTTP][39m [37m-->[39m [37mGET[39m [37m/wd/hub/session/76bd9fa8-e46b-4564-b44d-b4c8e932be75/source[39m
[35m[HTTP][39m [90m{}[39m
[35m[W3C (76bd9fa8)][39m Driver proxy active, passing request on via HTTP proxy
[35m[WD Proxy][39m Replacing sessionId 0a57d7e9-d085-4689-9241-95ecbde705c3 with 76bd9fa8-e46b-4564-b44d-b4c8e932be75
[35m[HTTP][39m [37m<-- GET /wd/hub/session/76bd9fa8-e46b-4564-b44d-b4c8e932be75/source [39m[32m200[39m [90m61 ms - 7815[39m
[35m[HTTP][39m [90m[39m
[35m[HTTP][39m [37m-->[39m [37mGET[39m [37m/wd/hub/session/76bd9fa8-e46b-4564-b44d-b4c8e932be75/screenshot[39m
[35m[HTTP][39m [90m{}[39m
[35m[HTTP][39m [37m<-- GET /wd/hub/session/76bd9fa8-e46b-4564-b44d-b4c8e932be75/screenshot [39m[32m200[39m [90m311 ms - 507256[39m
[35m[HTTP][39m [90m[39m
[35m[HTTP][39m [37m-->[39m [37mPOST[39m [37m/wd/hub/session/76bd9fa8-e46b-4564-b44d-b4c8e932be75/elements[39m
[35m[HTTP][39m [90m{"using":"xpath","value":"//*[@class = 'android.widget.Button' and (@text = '' or . = '')]"}[39m
[35m[HTTP][39m [37m<-- POST /wd/hub/session/76bd9fa8-e46b-4564-b44d-b4c8e932be75/elements [39m[32m200[39m [90m52 ms - 139[39m
[35m[HTTP][39m [90m[39m
[35m[HTTP][39m [37m-->[39m [37mGET[39m [37m/wd/hub/session/76bd9fa8-e46b-4564-b44d-b4c8e932be75/window/rect[39m
[35m[HTTP][39m [90m{}[39m
[35m[HTTP][39m [37m<-- GET /wd/hub/session/76bd9fa8-e46b-4564-b44d-b4c8e932be75/window/rect [39m[32m200[39m [90m8 ms - 50[39m
[35m[HTTP][39m [90m[39m
[35m[HTTP][39m [37m-->[39m [37mPOST[39m [37m/wd/hub/session/76bd9fa8-e46b-4564-b44d-b4c8e932be75/elements[39m
[35m[HTTP][39m [90m{"using":"xpath","value":"//*[@class = 'android.widget.Button' and (@text = '' or . = '')]"}[39m
[35m[HTTP][39m [37m<-- POST /wd/hub/session/76bd9fa8-e46b-4564-b44d-b4c8e932be75/elements [39m[32m200[39m [90m44 ms - 139[39m
[35m[HTTP][39m [90m[39m
[35m[HTTP][39m [37m-->[39m [37mGET[39m [37m/wd/hub/session/76bd9fa8-e46b-4564-b44d-b4c8e932be75/element/fdfc3e1e-bea9-42ca-93ca-4cbccff35f3c/location[39m
[35m[HTTP][39m [90m{}[39m
[35m[W3C (76bd9fa8)][39m Driver proxy active, passing request on via HTTP proxy
[35m[WD Proxy][39m Replacing sessionId 0a57d7e9-d085-4689-9241-95ecbde705c3 with 76bd9fa8-e46b-4564-b44d-b4c8e932be75
[35m[HTTP][39m [37m<-- GET /wd/hub/session/76bd9fa8-e46b-4564-b44d-b4c8e932be75/element/fdfc3e1e-bea9-42ca-93ca-4cbccff35f3c/location [39m[32m200[39m [90m8 ms - 78[39m
[35m[HTTP][39m [90m[39m
[35m[HTTP][39m [37m-->[39m [37mPOST[39m [37m/wd/hub/session/76bd9fa8-e46b-4564-b44d-b4c8e932be75/element/fdfc3e1e-bea9-42ca-93ca-4cbccff35f3c/click[39m
[35m[HTTP][39m [90m{"id":"fdfc3e1e-bea9-42ca-93ca-4cbccff35f3c"}[39m
[35m[HTTP][39m [37m<-- POST /wd/hub/session/76bd9fa8-e46b-4564-b44d-b4c8e932be75/element/fdfc3e1e-bea9-42ca-93ca-4cbccff35f3c/click [39m[32m200[39m [90m648 ms - 14[39m
[35m[HTTP][39m [90m[39m
[35m[HTTP][39m [37m-->[39m [37mGET[39m [37m/wd/hub/session/76bd9fa8-e46b-4564-b44d-b4c8e932be75/source[39m
[35m[HTTP][39m [90m{}[39m
[35m[W3C (76bd9fa8)][39m Driver proxy active, passing request on via HTTP proxy
[35m[WD Proxy][39m Replacing sessionId 0a57d7e9-d085-4689-9241-95ecbde705c3 with 76bd9fa8-e46b-4564-b44d-b4c8e932be75
[35m[HTTP][39m [37m<-- GET /wd/hub/session/76bd9fa8-e46b-4564-b44d-b4c8e932be75/source [39m[32m200[39m [90m44 ms - 6658[39m
[35m[HTTP][39m [90m[39m
[35m[HTTP][39m [37m-->[39m [37mGET[39m [37m/wd/hub/session/76bd9fa8-e46b-4564-b44d-b4c8e932be75/screenshot[39m
[35m[HTTP][39m [90m{}[39m
[35m[HTTP][39m [37m<-- GET /wd/hub/session/76bd9fa8-e46b-4564-b44d-b4c8e932be75/screenshot [39m[32m200[39m [90m424 ms - 696544[39m
[35m[HTTP][39m [90m[39m
[35m[HTTP][39m [37m-->[39m [37mPOST[39m [37m/wd/hub/session/76bd9fa8-e46b-4564-b44d-b4c8e932be75/elements[39m
[35m[HTTP][39m [90m{"using":"xpath","value":"//*[@class = 'android.widget.TextView' and (@text = 'Masuk tanpa akun' or . = 'Masuk tanpa akun')]"}[39m
[35m[HTTP][39m [37m<-- POST /wd/hub/session/76bd9fa8-e46b-4564-b44d-b4c8e932be75/elements [39m[32m200[39m [90m171 ms - 139[39m
[35m[HTTP][39m [90m[39m
[35m[HTTP][39m [37m-->[39m [37mGET[39m [37m/wd/hub/session/76bd9fa8-e46b-4564-b44d-b4c8e932be75/window/rect[39m
[35m[HTTP][39m [90m{}[39m
[35m[HTTP][39m [37m<-- GET /wd/hub/session/76bd9fa8-e46b-4564-b44d-b4c8e932be75/window/rect [39m[32m200[39m [90m6 ms - 50[39m
[35m[HTTP][39m [90m[39m
[35m[HTTP][39m [37m-->[39m [37mPOST[39m [37m/wd/hub/session/76bd9fa8-e46b-4564-b44d-b4c8e932be75/elements[39m
[35m[HTTP][39m [90m{"using":"xpath","value":"//*[@class = 'android.widget.TextView' and (@text = 'Masuk tanpa akun' or . = 'Masuk tanpa akun')]"}[39m
[35m[HTTP][39m [37m<-- POST /wd/hub/session/76bd9fa8-e46b-4564-b44d-b4c8e932be75/elements [39m[32m200[39m [90m21 ms - 139[39m
[35m[HTTP][39m [90m[39m
[35m[HTTP][39m [37m-->[39m [37mGET[39m [37m/wd/hub/session/76bd9fa8-e46b-4564-b44d-b4c8e932be75/element/72db90f5-1373-4a2b-a8f6-80c2e5322465/location[39m
[35m[HTTP][39m [90m{}[39m
[35m[W3C (76bd9fa8)][39m Driver proxy active, passing request on via HTTP proxy
[35m[WD Proxy][39m Replacing sessionId 0a57d7e9-d085-4689-9241-95ecbde705c3 with 76bd9fa8-e46b-4564-b44d-b4c8e932be75
[35m[HTTP][39m [37m<-- GET /wd/hub/session/76bd9fa8-e46b-4564-b44d-b4c8e932be75/element/72db90f5-1373-4a2b-a8f6-80c2e5322465/location [39m[32m200[39m [90m8 ms - 77[39m
[35m[HTTP][39m [90m[39m
[35m[HTTP][39m [37m-->[39m [37mPOST[39m [37m/wd/hub/session/76bd9fa8-e46b-4564-b44d-b4c8e932be75/element/72db90f5-1373-4a2b-a8f6-80c2e5322465/click[39m
[35m[HTTP][39m [90m{"id":"72db90f5-1373-4a2b-a8f6-80c2e5322465"}[39m
[35m[HTTP][39m [37m<-- POST /wd/hub/session/76bd9fa8-e46b-4564-b44d-b4c8e932be75/element/72db90f5-1373-4a2b-a8f6-80c2e5322465/click [39m[32m200[39m [90m1457 ms - 14[39m
[35m[HTTP][39m [90m[39m
[35m[HTTP][39m [37m-->[39m [37mGET[39m [37m/wd/hub/session/76bd9fa8-e46b-4564-b44d-b4c8e932be75/source[39m
[35m[HTTP][39m [90m{}[39m
[35m[W3C (76bd9fa8)][39m Driver proxy active, passing request on via HTTP proxy
[35m[WD Proxy][39m Replacing sessionId 0a57d7e9-d085-4689-9241-95ecbde705c3 with 76bd9fa8-e46b-4564-b44d-b4c8e932be75
[35m[HTTP][39m [37m<-- GET /wd/hub/session/76bd9fa8-e46b-4564-b44d-b4c8e932be75/source [39m[32m200[39m [90m33 ms - 3655[39m
[35m[HTTP][39m [90m[39m
[35m[HTTP][39m [37m-->[39m [37mGET[39m [37m/wd/hub/session/76bd9fa8-e46b-4564-b44d-b4c8e932be75/screenshot[39m
[35m[HTTP][39m [90m{}[39m
[35m[HTTP][39m [37m<-- GET /wd/hub/session/76bd9fa8-e46b-4564-b44d-b4c8e932be75/screenshot [39m[32m200[39m [90m590 ms - 1495178[39m
[35m[HTTP][39m [90m[39m
[35m[HTTP][39m [37m-->[39m [37mPOST[39m [37m/wd/hub/session/76bd9fa8-e46b-4564-b44d-b4c8e932be75/elements[39m
[35m[HTTP][39m [90m{"using":"xpath","value":"//*[@class = 'android.widget.ImageView' and (@text = '' or . = '')]"}[39m
[35m[HTTP][39m [37m<-- POST /wd/hub/session/76bd9fa8-e46b-4564-b44d-b4c8e932be75/elements [39m[32m200[39m [90m58 ms - 267[39m
[35m[HTTP][39m [90m[39m
[35m[HTTP][39m [37m-->[39m [37mPOST[39m [37m/wd/hub/session/76bd9fa8-e46b-4564-b44d-b4c8e932be75/elements[39m
[35m[HTTP][39m [90m{"using":"-android uiautomator","value":"new UiSelector().className(\"android.widget.ImageView\")"}[39m
[35m[HTTP][39m [37m<-- POST /wd/hub/session/76bd9fa8-e46b-4564-b44d-b4c8e932be75/elements [39m[32m200[39m [90m22 ms - 267[39m
[35m[HTTP][39m [90m[39m
[35m[HTTP][39m [37m-->[39m [37mGET[39m [37m/wd/hub/session/76bd9fa8-e46b-4564-b44d-b4c8e932be75/window/rect[39m
[35m[HTTP][39m [90m{}[39m
[35m[HTTP][39m [37m<-- GET /wd/hub/session/76bd9fa8-e46b-4564-b44d-b4c8e932be75/window/rect [39m[32m200[39m [90m6 ms - 50[39m
[35m[HTTP][39m [90m[39m
[35m[HTTP][39m [37m-->[39m [37mPOST[39m [37m/wd/hub/session/76bd9fa8-e46b-4564-b44d-b4c8e932be75/elements[39m
[35m[HTTP][39m [90m{"using":"xpath","value":"//hierarchy/android.widget.FrameLayout[1]/android.widget.LinearLayout[1]/android.widget.FrameLayout[1]/android.widget.FrameLayout[1]/android.widget.ImageView[1]"}[39m
[35m[HTTP][39m [37m<-- POST /wd/hub/session/76bd9fa8-e46b-4564-b44d-b4c8e932be75/elements [39m[32m200[39m [90m17 ms - 139[39m
[35m[HTTP][39m [90m[39m
[35m[HTTP][39m [37m-->[39m [37mGET[39m [37m/wd/hub/session/76bd9fa8-e46b-4564-b44d-b4c8e932be75/element/5591e2bc-2bd2-4cab-a25e-e1a984e64f6b/location[39m
[35m[HTTP][39m [90m{}[39m
[35m[W3C (76bd9fa8)][39m Driver proxy active, passing request on via HTTP proxy
[35m[WD Proxy][39m Replacing sessionId 0a57d7e9-d085-4689-9241-95ecbde705c3 with 76bd9fa8-e46b-4564-b44d-b4c8e932be75
[35m[HTTP][39m [37m<-- GET /wd/hub/session/76bd9fa8-e46b-4564-b44d-b4c8e932be75/element/5591e2bc-2bd2-4cab-a25e-e1a984e64f6b/location [39m[32m200[39m [90m7 ms - 78[39m
[35m[HTTP][39m [90m[39m
[35m[HTTP][39m [37m-->[39m [37mPOST[39m [37m/wd/hub/session/76bd9fa8-e46b-4564-b44d-b4c8e932be75/element/5591e2bc-2bd2-4cab-a25e-e1a984e64f6b/click[39m
[35m[HTTP][39m [90m{"id":"5591e2bc-2bd2-4cab-a25e-e1a984e64f6b"}[39m
[35m[HTTP][39m [37m<-- POST /wd/hub/session/76bd9fa8-e46b-4564-b44d-b4c8e932be75/element/5591e2bc-2bd2-4cab-a25e-e1a984e64f6b/click [39m[32m200[39m [90m731 ms - 14[39m
[35m[HTTP][39m [90m[39m
[35m[HTTP][39m [37m-->[39m [37mGET[39m [37m/wd/hub/session/76bd9fa8-e46b-4564-b44d-b4c8e932be75/source[39m
[35m[HTTP][39m [90m{}[39m
[35m[W3C (76bd9fa8)][39m Driver proxy active, passing request on via HTTP proxy
[35m[WD Proxy][39m Replacing sessionId 0a57d7e9-d085-4689-9241-95ecbde705c3 with 76bd9fa8-e46b-4564-b44d-b4c8e932be75
[35m[HTTP][39m [37m<-- GET /wd/hub/session/76bd9fa8-e46b-4564-b44d-b4c8e932be75/source [39m[32m200[39m [90m164 ms - 30876[39m
[35m[HTTP][39m [90m[39m
[35m[HTTP][39m [37m-->[39m [37mGET[39m [37m/wd/hub/session/76bd9fa8-e46b-4564-b44d-b4c8e932be75/screenshot[39m
[35m[HTTP][39m [90m{}[39m
[35m[HTTP][39m [37m<-- GET /wd/hub/session/76bd9fa8-e46b-4564-b44d-b4c8e932be75/screenshot [39m[32m200[39m [90m583 ms - 1631534[39m
[35m[HTTP][39m [90m[39m
[35m[HTTP][39m [37m-->[39m [37mPOST[39m [37m/wd/hub/session/76bd9fa8-e46b-4564-b44d-b4c8e932be75/elements[39m
[35m[HTTP][39m [90m{"using":"xpath","value":"//*[@class = 'android.widget.TextView' and (@text = 'Spesial di Astro 🚀' or . = 'Spesial di Astro 🚀')]"}[39m
[35m[HTTP][39m [37m<-- POST /wd/hub/session/76bd9fa8-e46b-4564-b44d-b4c8e932be75/elements [39m[32m200[39m [90m113 ms - 139[39m
[35m[HTTP][39m [90m[39m
[35m[HTTP][39m [37m-->[39m [37mGET[39m [37m/wd/hub/session/76bd9fa8-e46b-4564-b44d-b4c8e932be75/window/rect[39m
[35m[HTTP][39m [90m{}[39m
[35m[HTTP][39m [37m<-- GET /wd/hub/session/76bd9fa8-e46b-4564-b44d-b4c8e932be75/window/rect [39m[32m200[39m [90m6 ms - 50[39m
[35m[HTTP][39m [90m[39m
[35m[HTTP][39m [37m-->[39m [37mPOST[39m [37m/wd/hub/session/76bd9fa8-e46b-4564-b44d-b4c8e932be75/elements[39m
[35m[HTTP][39m [90m{"using":"xpath","value":"//*[@class = 'android.widget.TextView' and (@text = 'Spesial di Astro 🚀' or . = 'Spesial di Astro 🚀')]"}[39m
[35m[HTTP][39m [37m<-- POST /wd/hub/session/76bd9fa8-e46b-4564-b44d-b4c8e932be75/elements [39m[32m200[39m [90m62 ms - 139[39m
[35m[HTTP][39m [90m[39m
[35m[HTTP][39m [37m-->[39m [37mGET[39m [37m/wd/hub/session/76bd9fa8-e46b-4564-b44d-b4c8e932be75/element/e876b7d0-e6bc-45c3-903e-07723f13bff3/location[39m
[35m[HTTP][39m [90m{}[39m
[35m[W3C (76bd9fa8)][39m Driver proxy active, passing request on via HTTP proxy
[35m[WD Proxy][39m Replacing sessionId 0a57d7e9-d085-4689-9241-95ecbde705c3 with 76bd9fa8-e46b-4564-b44d-b4c8e932be75
[35m[HTTP][39m [37m<-- GET /wd/hub/session/76bd9fa8-e46b-4564-b44d-b4c8e932be75/element/e876b7d0-e6bc-45c3-903e-07723f13bff3/location [39m[32m200[39m [90m6 ms - 77[39m
[35m[HTTP][39m [90m[39m
[35m[HTTP][39m [37m-->[39m [37mGET[39m [37m/wd/hub/session/76bd9fa8-e46b-4564-b44d-b4c8e932be75/element/e876b7d0-e6bc-45c3-903e-07723f13bff3/text[39m
[35m[HTTP][39m [90m{}[39m
[35m[W3C (76bd9fa8)][39m Driver proxy active, passing request on via HTTP proxy
[35m[WD Proxy][39m Replacing sessionId 0a57d7e9-d085-4689-9241-95ecbde705c3 with 76bd9fa8-e46b-4564-b44d-b4c8e932be75
[35m[HTTP][39m [37m<-- GET /wd/hub/session/76bd9fa8-e46b-4564-b44d-b4c8e932be75/element/e876b7d0-e6bc-45c3-903e-07723f13bff3/text [39m[32m200[39m [90m6 ms - 84[39m
[35m[HTTP][39m [90m[39m
[35m[HTTP][39m [37m-->[39m [37mGET[39m [37m/wd/hub/session/76bd9fa8-e46b-4564-b44d-b4c8e932be75/source[39m
[35m[HTTP][39m [90m{}[39m
[35m[W3C (76bd9fa8)][39m Driver proxy active, passing request on via HTTP proxy
[35m[WD Proxy][39m Replacing sessionId 0a57d7e9-d085-4689-9241-95ecbde705c3 with 76bd9fa8-e46b-4564-b44d-b4c8e932be75
[35m[HTTP][39m [37m<-- GET /wd/hub/session/76bd9fa8-e46b-4564-b44d-b4c8e932be75/source [39m[32m200[39m [90m174 ms - 30876[39m
[35m[HTTP][39m [90m[39m
[35m[HTTP][39m [37m-->[39m [37mGET[39m [37m/wd/hub/session/76bd9fa8-e46b-4564-b44d-b4c8e932be75/screenshot[39m
[35m[HTTP][39m [90m{}[39m
[35m[HTTP][39m [37m<-- GET /wd/hub/session/76bd9fa8-e46b-4564-b44d-b4c8e932be75/screenshot [39m[32m200[39m [90m552 ms - 1689558[39m
[35m[HTTP][39m [90m[39m
[35m[HTTP][39m [37m-->[39m [37mDELETE[39m [37m/wd/hub/session/76bd9fa8-e46b-4564-b44d-b4c8e932be75[39m
[35m[HTTP][39m [90m{}[39m
[35m[Appium][39m Removing session 76bd9fa8-e46b-4564-b44d-b4c8e932be75 from our master session list
[35m[UiAutomator2][39m Restoring hidden api policy to the device default configuration
[35m[HTTP][39m [37m<-- DELETE /wd/hub/session/76bd9fa8-e46b-4564-b44d-b4c8e932be75 [39m[32m200[39m [90m952 ms - 14[39m
[35m[HTTP][39m [90m[39m
